<?xml version="1.0" encoding="UTF-8"?>
<!-- Generated by org.testng.reporters.JUnitReportReporter -->
<testsuite hostname="DESKTOP-H14CG62" failures="0" tests="8" name="com.eq.qa.testcases.ContactUsPageTest" time="100.931" errors="0" timestamp="2020-11-19T07:09:26 EST" skipped="0">
  <testcase classname="com.eq.qa.testcases.ContactUsPageTest" name="contactUsPagedisplayTest" time="11.158"/>
  <system-out/>
  <testcase classname="com.eq.qa.testcases.ContactUsPageTest" name="validsubmitQueryTest" time="13.934"/>
  <system-out/>
  <testcase classname="com.eq.qa.testcases.ContactUsPageTest" name="emptyFnameTest" time="12.301"/>
  <system-out/>
  <testcase classname="com.eq.qa.testcases.ContactUsPageTest" name="emptyLnameTest" time="12.381"/>
  <system-out/>
  <testcase classname="com.eq.qa.testcases.ContactUsPageTest" name="emptyEmail" time="12.650"/>
  <system-out/>
  <testcase classname="com.eq.qa.testcases.ContactUsPageTest" name="emptyProvince" time="12.391"/>
  <system-out/>
  <testcase classname="com.eq.qa.testcases.ContactUsPageTest" name="emptyCity" time="13.171"/>
  <system-out/>
  <testcase classname="com.eq.qa.testcases.ContactUsPageTest" name="emptyQuery" time="12.945"/>
  <system-out/>
</testsuite> <!-- com.eq.qa.testcases.ContactUsPageTest -->
